<?xml version="1.0" encoding="utf-8"?><testsuites name="pytest tests"><testsuite name="pytest" errors="0" failures="0" skipped="0" tests="13" time="5.834" timestamp="2026-05-12T11:53:21.503962+00:00" hostname="agent-env-bdf64f3d-a523-443c-9d0a-4cf57634bc25"><testcase classname="tests.test_iter5_notifications.TestNotificationsToggle" name="test_enable_daily_matches" time="0.332" /><testcase classname="tests.test_iter5_notifications.TestNotificationsToggle" name="test_disable_daily_matches" time="0.183" /><testcase classname="tests.test_iter5_notifications.TestSendTestDigest" name="test_test_digest_when_off_returns_skipped" time="0.291" /><testcase classname="tests.test_iter5_notifications.TestSendTestDigest" name="test_test_digest_when_on_graceful_no_key" time="1.612" /><testcase classname="tests.test_iter5_notifications.TestSendTestDigest" name="test_20h_gate_blocks_resend" time="0.247" /><testcase classname="tests.test_iter5_notifications.TestCronEndpoint" name="test_cron_no_token_returns_401" time="0.129" /><testcase classname="tests.test_iter5_notifications.TestCronEndpoint" name="test_cron_wrong_token_returns_401" time="0.125" /><testcase classname="tests.test_iter5_notifications.TestCronEndpoint" name="test_cron_valid_token_returns_200" time="1.149" /><testcase classname="tests.test_iter5_notifications.TestRenderDigest" name="test_render_returns_html_and_text" time="0.073" /><testcase classname="tests.test_iter5_notifications.TestIngestParallelism" name="test_ingest_completes_under_30s" time="1.130" /><testcase classname="tests.test_iter5_notifications.TestRegression" name="test_me_usage" time="0.169" /><testcase classname="tests.test_iter5_notifications.TestRegression" name="test_billing_me" time="0.127" /><testcase classname="tests.test_iter5_notifications.TestRegression" name="test_auth_me" time="0.105" /></testsuite></testsuites>