<?xml version="1.0" encoding="utf-8"?><testsuites name="pytest tests"><testsuite name="pytest" errors="0" failures="0" skipped="0" tests="16" time="3.386" timestamp="2026-05-19T13:42:02.733886+00:00" hostname="agent-env-6ed33986-3aed-4115-b52a-ded9f8272fb1"><testcase classname="tests.test_iter9_brain_reveal.TestInsightsAuthGate" name="test_insights_get_requires_auth" time="0.214" /><testcase classname="tests.test_iter9_brain_reveal.TestInsightsAuthGate" name="test_insights_get_with_invalid_token_unauth" time="0.069" /><testcase classname="tests.test_iter9_brain_reveal.TestInsightsAuthGate" name="test_insights_dismiss_requires_auth" time="0.083" /><testcase classname="tests.test_iter9_brain_reveal.TestInsightsAuthGate" name="test_insights_dismiss_url_encoded_id_requires_auth" time="0.068" /><testcase classname="tests.test_iter9_brain_reveal.TestOrchestratorHealth" name="test_health_still_works" time="2.220" /><testcase classname="tests.test_iter9_brain_reveal.TestDecisionRoutesAuthGates" name="test_decision_match_requires_auth" time="0.063" /><testcase classname="tests.test_iter9_brain_reveal.TestDecisionRoutesAuthGates" name="test_decision_career_roi_requires_auth" time="0.060" /><testcase classname="tests.test_iter9_brain_reveal.TestDecisionRoutesAuthGates" name="test_decision_strategic_plan_requires_auth" time="0.062" /><testcase classname="tests.test_iter9_brain_reveal.TestDecisionRoutesAuthGates" name="test_decision_wellbeing_check_requires_auth" time="0.069" /><testcase classname="tests.test_iter9_brain_reveal.TestDecisionRoutesAuthGates" name="test_decision_skill_gaps_requires_auth" time="0.062" /><testcase classname="tests.test_iter9_brain_reveal.TestLegacyRoutesAuthGates" name="test_jobs_list_does_not_500" time="0.061" /><testcase classname="tests.test_iter9_brain_reveal.TestLegacyRoutesAuthGates" name="test_applications_get_requires_auth" time="0.062" /><testcase classname="tests.test_iter9_brain_reveal.TestLegacyRoutesAuthGates" name="test_applications_post_requires_auth" time="0.065" /><testcase classname="tests.test_iter9_brain_reveal.TestLegacyRoutesAuthGates" name="test_emails_get_requires_auth" time="0.066" /><testcase classname="tests.test_iter9_brain_reveal.TestInsightShape" name="test_shape_helper_emits_required_keys" time="0.083" /><testcase classname="tests.test_iter9_brain_reveal.TestInsightShape" name="test_max_insights_constant_is_5" time="0.001" /></testsuite></testsuites>