<?xml version="1.0" encoding="utf-8"?><testsuites name="pytest tests"><testsuite name="pytest" errors="0" failures="0" skipped="0" tests="12" time="5.911" timestamp="2026-05-12T11:36:17.295734+00:00" hostname="agent-env-bdf64f3d-a523-443c-9d0a-4cf57634bc25"><testcase classname="backend.tests.test_iter4_multisource.TestMultiSourceIngest" name="test_default_ingest_returns_breakdown_shape" time="1.347" /><testcase classname="backend.tests.test_iter4_multisource.TestMultiSourceIngest" name="test_dedupe_second_run_low_inserts" time="2.140" /><testcase classname="backend.tests.test_iter4_multisource.TestMultiSourceIngest" name="test_legacy_remotive_mode" time="0.218" /><testcase classname="backend.tests.test_iter4_multisource.TestJobsListing" name="test_jobs_have_valid_source_field" time="0.158" /><testcase classname="backend.tests.test_iter4_multisource.TestJobsListing" name="test_adzuna_and_jooble_jobs_have_real_source_urls" time="0.268" /><testcase classname="backend.tests.test_iter4_multisource.TestJobsListing" name="test_content_hash_persisted" time="0.002" /><testcase classname="backend.tests.test_iter4_multisource.TestJobsListing" name="test_at_least_one_adzuna_job_present" time="0.151" /><testcase classname="backend.tests.test_iter4_multisource.TestEnvConfig" name="test_adzuna_countries_env_is_es_gb" time="0.943" /><testcase classname="backend.tests.test_iter4_multisource.TestRegression" name="test_me_usage_works" time="0.172" /><testcase classname="backend.tests.test_iter4_multisource.TestRegression" name="test_billing_me_works" time="0.118" /><testcase classname="backend.tests.test_iter4_multisource.TestRegression" name="test_billing_cancel_idempotent" time="0.134" /><testcase classname="backend.tests.test_iter4_multisource.TestRegression" name="test_profile_upload_cv_endpoint_reachable" time="0.106" /></testsuite></testsuites>