<?xml version="1.0" encoding="utf-8"?><testsuites name="pytest tests"><testsuite name="pytest" errors="0" failures="0" skipped="0" tests="13" time="8.936" timestamp="2026-05-19T13:32:32.895782+00:00" hostname="agent-env-6ed33986-3aed-4115-b52a-ded9f8272fb1"><testcase classname="backend.tests.test_iter8_p1_brain.TestOrchestratorHealth" name="test_health_ok_and_subscribers" time="3.726" /><testcase classname="backend.tests.test_iter8_p1_brain.TestOrchestratorTelemetry" name="test_telemetry_requires_auth" time="1.208" /><testcase classname="backend.tests.test_iter8_p1_brain.TestOrchestratorTelemetry" name="test_memory_requires_auth" time="0.076" /><testcase classname="backend.tests.test_iter8_p1_brain.TestOrchestratorTelemetry" name="test_recent_events_requires_auth" time="0.072" /><testcase classname="backend.tests.test_iter8_p1_brain.TestDecisionRoutes" name="test_match_requires_auth" time="0.094" /><testcase classname="backend.tests.test_iter8_p1_brain.TestDecisionRoutes" name="test_career_roi_requires_auth" time="0.074" /><testcase classname="backend.tests.test_iter8_p1_brain.TestDecisionRoutes" name="test_strategic_plan_requires_auth" time="0.078" /><testcase classname="backend.tests.test_iter8_p1_brain.TestDecisionRoutes" name="test_wellbeing_check_requires_auth" time="1.879" /><testcase classname="backend.tests.test_iter8_p1_brain.TestDecisionRoutes" name="test_skill_gaps_requires_auth" time="0.093" /><testcase classname="backend.tests.test_iter8_p1_brain.TestExistingRoutesStillMount" name="test_applications_create_requires_auth" time="0.088" /><testcase classname="backend.tests.test_iter8_p1_brain.TestExistingRoutesStillMount" name="test_applications_patch_requires_auth" time="1.305" /><testcase classname="backend.tests.test_iter8_p1_brain.TestExistingRoutesStillMount" name="test_bookmarks_requires_auth" time="0.100" /><testcase classname="backend.tests.test_iter8_p1_brain.TestExistingRoutesStillMount" name="test_email_classify_requires_auth" time="0.076" /></testsuite></testsuites>