<?xml version="1.0" encoding="utf-8"?><testsuites name="pytest tests"><testsuite name="pytest" errors="0" failures="0" skipped="0" tests="19" time="80.221" timestamp="2026-05-12T11:03:08.619070+00:00" hostname="agent-env-bdf64f3d-a523-443c-9d0a-4cf57634bc25"><testcase classname="backend.tests.test_iter3_features.TestUsage" name="test_usage_free_shape" time="0.397" /><testcase classname="backend.tests.test_iter3_features.TestUsage" name="test_usage_pro_unlimited" time="0.179" /><testcase classname="backend.tests.test_iter3_features.TestQuotaGating" name="test_cached_match_does_not_count" time="10.443" /><testcase classname="backend.tests.test_iter3_features.TestQuotaGating" name="test_quota_blocks_6th_distinct_match" time="52.210" /><testcase classname="backend.tests.test_iter3_features.TestQuotaGating" name="test_pro_user_unlimited_match" time="10.568" /><testcase classname="backend.tests.test_iter3_features.TestBillingCancel" name="test_cancel_downgrades_pro_to_free" time="0.275" /><testcase classname="backend.tests.test_iter3_features.TestBillingCancel" name="test_cancel_on_free_is_idempotent" time="0.137" /><testcase classname="backend.tests.test_iter3_features.TestPdfUpload" name="test_upload_valid_pdf" time="3.073" /><testcase classname="backend.tests.test_iter3_features.TestPdfUpload" name="test_reject_non_pdf" time="0.113" /><testcase classname="backend.tests.test_iter3_features.TestPdfUpload" name="test_reject_oversized" time="0.383" /><testcase classname="backend.tests.test_iter3_features.TestPdfUpload" name="test_reject_empty" time="0.132" /><testcase classname="backend.tests.test_iter3_features.TestRemotiveIngest" name="test_ingest_returns_counts" time="0.293" /><testcase classname="backend.tests.test_iter3_features.TestRemotiveIngest" name="test_dedupe_on_second_call" time="0.428" /><testcase classname="backend.tests.test_iter3_features.TestRemotiveIngest" name="test_remotive_jobs_appear_in_list" time="0.130" /><testcase classname="backend.tests.test_iter3_features.TestRegression" name="test_auth_me" time="0.101" /><testcase classname="backend.tests.test_iter3_features.TestRegression" name="test_jobs" time="0.143" /><testcase classname="backend.tests.test_iter3_features.TestRegression" name="test_missions_today" time="0.102" /><testcase classname="backend.tests.test_iter3_features.TestRegression" name="test_billing_me" time="0.111" /><testcase classname="backend.tests.test_iter3_features.TestRegression" name="test_billing_checkout" time="0.676" /></testsuite></testsuites>