<?xml version="1.0" encoding="utf-8"?><testsuites name="pytest tests"><testsuite name="pytest" errors="0" failures="1" skipped="1" tests="15" time="35.593" timestamp="2026-04-26T07:50:00.999872+00:00" hostname="agent-env-bdf64f3d-a523-443c-9d0a-4cf57634bc25"><testcase classname="backend.tests.backend_test" name="test_auth_me" time="0.436" /><testcase classname="backend.tests.backend_test" name="test_auth_me_unauth" time="0.105" /><testcase classname="backend.tests.backend_test" name="test_list_jobs" time="0.102" /><testcase classname="backend.tests.backend_test" name="test_job_detail" time="0.231" /><testcase classname="backend.tests.backend_test" name="test_match_endpoint" time="11.538" /><testcase classname="backend.tests.backend_test" name="test_create_and_update_application" time="0.463" /><testcase classname="backend.tests.backend_test" name="test_recommendations" time="0.153" /><testcase classname="backend.tests.backend_test" name="test_emails_list" time="0.113" /><testcase classname="backend.tests.backend_test" name="test_email_classify" time="0.133"><skipped type="pytest.skip" message="no emails">/app/backend/tests/backend_test.py:118: no emails</skipped></testcase><testcase classname="backend.tests.backend_test" name="test_missions_today" time="14.840"><failure message="assert 500 == 200&#10; +  where 500 = &lt;Response [500]&gt;.status_code">backend/tests/backend_test.py:128: in test_missions_today
    assert r.status_code == 200
E   assert 500 == 200
E    +  where 500 = &lt;Response [500]&gt;.status_code</failure></testcase><testcase classname="backend.tests.backend_test" name="test_complete_mission_and_stats" time="0.452" /><testcase classname="backend.tests.backend_test" name="test_stats" time="0.101" /><testcase classname="backend.tests.backend_test" name="test_coach_chat" time="6.324" /><testcase classname="backend.tests.backend_test" name="test_insights" time="0.146" /><testcase classname="backend.tests.backend_test" name="test_profile_get_update" time="0.305" /></testsuite></testsuites>