<?xml version="1.0" encoding="utf-8"?><testsuites name="pytest tests"><testsuite name="pytest" errors="0" failures="2" skipped="1" tests="24" time="27.641" timestamp="2026-05-12T10:40:23.060456+00:00" hostname="agent-env-bdf64f3d-a523-443c-9d0a-4cf57634bc25"><testcase classname="backend.tests.backend_test" name="test_auth_me" time="0.267" /><testcase classname="backend.tests.backend_test" name="test_auth_me_unauth" time="0.105" /><testcase classname="backend.tests.backend_test" name="test_list_jobs" time="0.118" /><testcase classname="backend.tests.backend_test" name="test_job_detail" time="0.294" /><testcase classname="backend.tests.backend_test" name="test_match_endpoint" time="0.215" /><testcase classname="backend.tests.backend_test" name="test_create_and_update_application" time="0.238"><failure message="AssertionError: assert 'interview' == 'applied'&#10;  &#10;  - applied&#10;  + interview">backend/tests/backend_test.py:69: in test_create_and_update_application
    assert app["status"] == "applied"
E   AssertionError: assert 'interview' == 'applied'
E     
E     - applied
E     + interview</failure></testcase><testcase classname="backend.tests.backend_test" name="test_recommendations" time="0.142" /><testcase classname="backend.tests.backend_test" name="test_emails_list" time="0.107" /><testcase classname="backend.tests.backend_test" name="test_email_classify" time="0.129"><skipped type="pytest.skip" message="no emails">/app/backend/tests/backend_test.py:118: no emails</skipped></testcase><testcase classname="backend.tests.backend_test" name="test_missions_today" time="16.072" /><testcase classname="backend.tests.backend_test" name="test_complete_mission_and_stats" time="0.443" /><testcase classname="backend.tests.backend_test" name="test_stats" time="0.100" /><testcase classname="backend.tests.backend_test" name="test_coach_chat" time="6.890" /><testcase classname="backend.tests.backend_test" name="test_insights" time="0.168" /><testcase classname="backend.tests.backend_test" name="test_profile_get_update" time="0.319" /><testcase classname="backend.tests.backend_test" name="test_billing_plans" time="0.109" /><testcase classname="backend.tests.backend_test" name="test_billing_me" time="0.109" /><testcase classname="backend.tests.backend_test" name="test_billing_me_unauth" time="0.128" /><testcase classname="backend.tests.backend_test" name="test_billing_checkout_invalid_plan" time="0.144" /><testcase classname="backend.tests.backend_test" name="test_billing_checkout_missing_origin" time="0.132" /><testcase classname="backend.tests.backend_test" name="test_billing_checkout_creates_session" time="0.719" /><testcase classname="backend.tests.backend_test" name="test_billing_status_endpoint" time="0.359"><failure message="assert 500 == 200&#10; +  where 500 = &lt;Response [500]&gt;.status_code">backend/tests/backend_test.py:254: in test_billing_status_endpoint
    assert r.status_code == 200
E   assert 500 == 200
E    +  where 500 = &lt;Response [500]&gt;.status_code</failure></testcase><testcase classname="backend.tests.backend_test" name="test_billing_status_not_found" time="0.107" /><testcase classname="backend.tests.backend_test" name="test_stripe_webhook_endpoint_exists" time="0.132" /></testsuite></testsuites>